[0517/175753.792:ERROR:os_crypt_win.cc(93)] Failed to decrypt: Key not valid for use in specified state. (0x8009000B)
[0517/175755.325:WARNING:value_store_frontend.cc(45)] Reading mhjfbmdgcfjbbpaeojofohoefgiehjai.alarms from  failed: IO error: .../MANIFEST-000001: Unable to create sequential file (ChromeMethodBFE: 7::NewSequentialFile::1)
[0517/175755.593:ERROR:backend_impl.cc(1041)] Critical error found -8
[0517/175755.593:ERROR:entry_impl.cc(1075)] No file for c103001a
[0517/175755.593:WARNING:storage_block-inl.h(146)] Failed data load.
[0517/175755.593:WARNING:storage_block-inl.h(146)] Failed data load.
[0517/175755.593:WARNING:storage_block-inl.h(146)] Failed data load.
[0517/175755.593:WARNING:storage_block-inl.h(146)] Failed data load.
[0517/175755.593:ERROR:entry_impl.cc(1075)] No file for c1030000
[0517/175755.593:WARNING:storage_block-inl.h(146)] Failed data load.
[0517/175755.593:WARNING:storage_block-inl.h(146)] Failed data load.
[0517/175755.593:WARNING:storage_block-inl.h(146)] Failed data load.
[0517/175755.593:WARNING:storage_block-inl.h(146)] Failed data load.
[0517/175755.593:ERROR:entry_impl.cc(1075)] No file for c1030008
[0517/175755.593:WARNING:storage_block-inl.h(146)] Failed data load.
[0517/175755.593:WARNING:storage_block-inl.h(146)] Failed data load.
[0517/175755.593:WARNING:storage_block-inl.h(146)] Failed data load.
[0517/175755.593:WARNING:storage_block-inl.h(146)] Failed data load.
[0517/175755.593:ERROR:entry_impl.cc(1075)] No file for c1030014
[0517/175755.593:WARNING:storage_block-inl.h(146)] Failed data load.
[0517/175755.593:WARNING:storage_block-inl.h(146)] Failed data load.
[0517/175755.593:WARNING:storage_block-inl.h(146)] Failed data load.
[0517/175755.593:WARNING:storage_block-inl.h(146)] Failed data load.
[0517/175755.593:ERROR:entry_impl.cc(1075)] No file for c103000e
[0517/175755.593:WARNING:storage_block-inl.h(146)] Failed data load.
[0517/175755.593:WARNING:storage_block-inl.h(146)] Failed data load.
[0517/175755.593:WARNING:storage_block-inl.h(146)] Failed data load.
[0517/175755.593:WARNING:storage_block-inl.h(146)] Failed data load.
[0517/175755.593:ERROR:entry_impl.cc(1075)] No file for c1030048
[0517/175755.593:WARNING:storage_block-inl.h(146)] Failed data load.
[0517/175755.593:WARNING:storage_block-inl.h(146)] Failed data load.
[0517/175755.594:WARNING:storage_block-inl.h(146)] Failed data load.
[0517/175755.594:WARNING:storage_block-inl.h(146)] Failed data load.
[0517/175755.594:ERROR:entry_impl.cc(1075)] No file for c103004c
[0517/175755.594:WARNING:storage_block-inl.h(146)] Failed data load.
[0517/175755.594:WARNING:storage_block-inl.h(146)] Failed data load.
[0517/175755.594:WARNING:storage_block-inl.h(146)] Failed data load.
[0517/175755.594:WARNING:storage_block-inl.h(146)] Failed data load.
[0517/175755.594:ERROR:entry_impl.cc(1075)] No file for c1030052
[0517/175755.594:WARNING:storage_block-inl.h(146)] Failed data load.
[0517/175755.594:WARNING:storage_block-inl.h(146)] Failed data load.
[0517/175755.594:WARNING:storage_block-inl.h(146)] Failed data load.
[0517/175755.594:WARNING:storage_block-inl.h(146)] Failed data load.
[0517/175755.594:ERROR:entry_impl.cc(1075)] No file for c1030050
[0517/175755.594:WARNING:storage_block-inl.h(146)] Failed data load.
[0517/175755.594:WARNING:storage_block-inl.h(146)] Failed data load.
[0517/175755.594:WARNING:storage_block-inl.h(146)] Failed data load.
[0517/175755.594:WARNING:storage_block-inl.h(146)] Failed data load.
[0517/175755.594:ERROR:entry_impl.cc(1075)] No file for c103004e
[0517/175755.594:WARNING:storage_block-inl.h(146)] Failed data load.
[0517/175755.594:WARNING:storage_block-inl.h(146)] Failed data load.
[0517/175755.594:WARNING:storage_block-inl.h(146)] Failed data load.
[0517/175755.594:WARNING:storage_block-inl.h(146)] Failed data load.
[0517/175755.594:ERROR:entry_impl.cc(1075)] No file for c103004a
[0517/175755.594:WARNING:storage_block-inl.h(146)] Failed data load.
[0517/175755.594:WARNING:storage_block-inl.h(146)] Failed data load.
[0517/175755.594:WARNING:storage_block-inl.h(146)] Failed data load.
[0517/175755.595:WARNING:storage_block-inl.h(146)] Failed data load.
[0517/175755.595:WARNING:storage_block-inl.h(146)] Failed data load.
[0517/175755.595:WARNING:storage_block-inl.h(146)] Failed data load.
[0517/175755.595:WARNING:storage_block-inl.h(146)] Failed data load.
[0517/175755.596:WARNING:storage_block-inl.h(146)] Failed data load.
[0517/175755.596:WARNING:storage_block-inl.h(146)] Failed data load.
[0517/175755.596:WARNING:storage_block-inl.h(146)] Failed data load.
[0517/175755.597:WARNING:storage_block-inl.h(146)] Failed data load.
[0517/175755.789:WARNING:storage_block-inl.h(146)] Failed data load.
[0517/175755.789:WARNING:storage_block-inl.h(146)] Failed data load.
[0517/175755.789:WARNING:storage_block-inl.h(146)] Failed data load.
[0517/175755.789:WARNING:storage_block-inl.h(146)] Failed data load.
[0517/175755.790:WARNING:storage_block-inl.h(146)] Failed data load.
[0517/175755.790:WARNING:storage_block-inl.h(146)] Failed data load.
[0517/175755.792:WARNING:storage_block-inl.h(146)] Failed data load.
[0517/175755.792:WARNING:storage_block-inl.h(146)] Failed data load.
[0517/175755.793:ERROR:entry_impl.cc(998)] Failed to save user data
[0517/175755.793:ERROR:entry_impl.cc(998)] Failed to save user data
[0517/175755.831:ERROR:entry_impl.cc(998)] Failed to save user data
[0517/175755.831:ERROR:entry_impl.cc(998)] Failed to save user data
[0517/175758.271:WARNING:spdy_session.cc(3431)] Received HEADERS for invalid stream 65
[0517/175954.075:ERROR:gpu_init.cc(426)] Passthrough is not supported, GL is disabled
